/*C12*/SET SCHEMA PUBLIC
DELETE FROM ACCOUNT WHERE ID=40
DELETE FROM CARD WHERE ID=28
DELETE FROM ACCOUNT WHERE ID=41
DELETE FROM ACCOUNT WHERE ID=42
DELETE FROM ACCOUNT WHERE ID=43
DELETE FROM ACCOUNT WHERE ID=44
DELETE FROM ACCOUNT WHERE ID=45
DELETE FROM ACCOUNT WHERE ID=46
DELETE FROM ACCOUNT WHERE ID=47
DELETE FROM ACCOUNT WHERE ID=48
DELETE FROM ACCOUNT WHERE ID=49
DELETE FROM ACCOUNT WHERE ID=50
COMMIT
INSERT INTO CARD VALUES(29,131543412313421,NULL,'Jo','Rock',FALSE,2332)
INSERT INTO ACCOUNT VALUES(51,100.0E0,'Jo','CREDIT',29)
COMMIT
INSERT INTO ACCOUNT VALUES(52,100.0E0,'Account 0','CREDIT',NULL)
COMMIT
INSERT INTO ACCOUNT VALUES(53,100.0E0,'Account 1','CREDIT',NULL)
COMMIT
INSERT INTO ACCOUNT VALUES(54,100.0E0,'Account 2','CREDIT',NULL)
COMMIT
INSERT INTO ACCOUNT VALUES(55,100.0E0,'Account 3','CREDIT',NULL)
COMMIT
INSERT INTO ACCOUNT VALUES(56,100.0E0,'Account 4','CREDIT',NULL)
COMMIT
INSERT INTO ACCOUNT VALUES(57,100.0E0,'Account 5','CREDIT',NULL)
COMMIT
INSERT INTO ACCOUNT VALUES(58,100.0E0,'Account 6','CREDIT',NULL)
COMMIT
INSERT INTO ACCOUNT VALUES(59,100.0E0,'Account 7','CREDIT',NULL)
COMMIT
INSERT INTO ACCOUNT VALUES(60,100.0E0,'Account 8','CREDIT',NULL)
COMMIT
INSERT INTO ACCOUNT VALUES(61,100.0E0,'Account 9','CREDIT',NULL)
COMMIT
/*C13*/SET SCHEMA PUBLIC
DISCONNECT
/*C17*/SET SCHEMA PUBLIC
DISCONNECT
/*C18*/SET SCHEMA PUBLIC
DISCONNECT
/*C12*/DISCONNECT
/*C19*/SET SCHEMA PUBLIC
DISCONNECT
/*C15*/SET SCHEMA PUBLIC
DISCONNECT
/*C16*/SET SCHEMA PUBLIC
DISCONNECT
/*C20*/SET SCHEMA PUBLIC
DISCONNECT
/*C21*/SET SCHEMA PUBLIC
DISCONNECT
/*C14*/SET SCHEMA PUBLIC
DISCONNECT
/*C25*/SET SCHEMA PUBLIC
DISCONNECT
/*C26*/SET SCHEMA PUBLIC
DISCONNECT
/*C27*/SET SCHEMA PUBLIC
DISCONNECT
/*C24*/SET SCHEMA PUBLIC
DISCONNECT
/*C23*/SET SCHEMA PUBLIC
DISCONNECT
/*C22*/SET SCHEMA PUBLIC
DISCONNECT
/*C31*/SET SCHEMA PUBLIC
DISCONNECT
/*C29*/SET SCHEMA PUBLIC
DISCONNECT
/*C28*/SET SCHEMA PUBLIC
DISCONNECT
/*C30*/SET SCHEMA PUBLIC
DISCONNECT
/*C4*/SET SCHEMA PUBLIC
create table account (id bigint generated by default as identity (start with 1), balance float(53) not null, name varchar(255), type varchar(255), primary key (id))
create table card (id bigint generated by default as identity (start with 1), card_number varchar(255), date timestamp(6), first_name varchar(255), last_name varchar(255), oppose boolean not null, pin integer not null, accound_id bigint, primary key (id))
create table tpe (id bigint generated by default as identity (start with 1), account_id bigint, primary key (id))
alter table card add constraint FKd9bhkiye53my45w4hjdmfx02a foreign key (accound_id) references account
alter table tpe add constraint FKek0keifnigpkrggxed7msj3hl foreign key (account_id) references account
INSERT INTO ACCOUNT VALUES(1,100.0E0,'Jo','CREDIT')
COMMIT
INSERT INTO ACCOUNT VALUES(2,100.0E0,'Account 0','CREDIT')
COMMIT
INSERT INTO ACCOUNT VALUES(3,100.0E0,'Account 1','CREDIT')
COMMIT
INSERT INTO ACCOUNT VALUES(4,100.0E0,'Account 2','CREDIT')
COMMIT
INSERT INTO ACCOUNT VALUES(5,100.0E0,'Account 3','CREDIT')
COMMIT
INSERT INTO ACCOUNT VALUES(6,100.0E0,'Account 4','CREDIT')
COMMIT
INSERT INTO ACCOUNT VALUES(7,100.0E0,'Account 5','CREDIT')
COMMIT
INSERT INTO ACCOUNT VALUES(8,100.0E0,'Account 6','CREDIT')
COMMIT
INSERT INTO ACCOUNT VALUES(9,100.0E0,'Account 7','CREDIT')
COMMIT
INSERT INTO ACCOUNT VALUES(10,100.0E0,'Account 8','CREDIT')
COMMIT
INSERT INTO ACCOUNT VALUES(11,100.0E0,'Account 9','CREDIT')
COMMIT
DISCONNECT
/*C5*/SET SCHEMA PUBLIC
DISCONNECT
/*C6*/SET SCHEMA PUBLIC
DISCONNECT
/*C7*/SET SCHEMA PUBLIC
DISCONNECT
/*C8*/SET SCHEMA PUBLIC
DISCONNECT
/*C9*/SET SCHEMA PUBLIC
DISCONNECT
/*C10*/SET SCHEMA PUBLIC
DISCONNECT
/*C11*/SET SCHEMA PUBLIC
DISCONNECT
/*C12*/SET SCHEMA PUBLIC
DISCONNECT
/*C13*/SET SCHEMA PUBLIC
DISCONNECT
/*C3*/SET SCHEMA PUBLIC
create table account (id bigint generated by default as identity (start with 1), balance float(53) not null, name varchar(255), type varchar(255), primary key (id))
create table card (id bigint generated by default as identity (start with 1), card_number varchar(255), date timestamp(6), first_name varchar(255), last_name varchar(255), oppose boolean not null, pin integer not null, accound_id bigint, primary key (id))
create table tpe (id bigint generated by default as identity (start with 1), account_id bigint, primary key (id))
alter table card add constraint FKd9bhkiye53my45w4hjdmfx02a foreign key (accound_id) references account
alter table tpe add constraint FKek0keifnigpkrggxed7msj3hl foreign key (account_id) references account
INSERT INTO ACCOUNT VALUES(1,100.0E0,'Jo','CREDIT')
COMMIT
DISCONNECT
/*C4*/SET SCHEMA PUBLIC
DISCONNECT
/*C5*/SET SCHEMA PUBLIC
DISCONNECT
/*C6*/SET SCHEMA PUBLIC
DISCONNECT
/*C7*/SET SCHEMA PUBLIC
DISCONNECT
/*C8*/SET SCHEMA PUBLIC
DISCONNECT
/*C9*/SET SCHEMA PUBLIC
DISCONNECT
/*C10*/SET SCHEMA PUBLIC
DISCONNECT
/*C11*/SET SCHEMA PUBLIC
DISCONNECT
/*C12*/SET SCHEMA PUBLIC
DISCONNECT
/*C3*/SET SCHEMA PUBLIC
create table account (id bigint generated by default as identity (start with 1), balance float(53) not null, name varchar(255), type varchar(255), primary key (id))
create table card (id bigint generated by default as identity (start with 1), card_number varchar(255), date timestamp(6), first_name varchar(255), last_name varchar(255), oppose boolean not null, pin integer not null, accound_id bigint, primary key (id))
create table tpe (id bigint generated by default as identity (start with 1), account_id bigint, primary key (id))
alter table card add constraint FKd9bhkiye53my45w4hjdmfx02a foreign key (accound_id) references account
alter table tpe add constraint FKek0keifnigpkrggxed7msj3hl foreign key (account_id) references account
INSERT INTO ACCOUNT VALUES(1,100.0E0,'Jo','CREDIT')
COMMIT
DISCONNECT
/*C4*/SET SCHEMA PUBLIC
DISCONNECT
/*C5*/SET SCHEMA PUBLIC
DISCONNECT
/*C6*/SET SCHEMA PUBLIC
DISCONNECT
/*C7*/SET SCHEMA PUBLIC
DISCONNECT
/*C8*/SET SCHEMA PUBLIC
DISCONNECT
/*C9*/SET SCHEMA PUBLIC
DISCONNECT
/*C10*/SET SCHEMA PUBLIC
DISCONNECT
/*C11*/SET SCHEMA PUBLIC
DISCONNECT
/*C12*/SET SCHEMA PUBLIC
DISCONNECT
/*C3*/SET SCHEMA PUBLIC
create table account (id bigint generated by default as identity (start with 1), balance float(53) not null, name varchar(255), type varchar(255), primary key (id))
create table card (id bigint generated by default as identity (start with 1), card_number varchar(255), date timestamp(6), first_name varchar(255), last_name varchar(255), oppose boolean not null, pin integer not null, accound_id bigint, primary key (id))
create table tpe (id bigint generated by default as identity (start with 1), account_id bigint, primary key (id))
alter table card add constraint FKd9bhkiye53my45w4hjdmfx02a foreign key (accound_id) references account
alter table tpe add constraint FKek0keifnigpkrggxed7msj3hl foreign key (account_id) references account
INSERT INTO ACCOUNT VALUES(1,100.0E0,'Jo','CREDIT')
COMMIT
DISCONNECT
/*C4*/SET SCHEMA PUBLIC
DISCONNECT
/*C5*/SET SCHEMA PUBLIC
DISCONNECT
/*C6*/SET SCHEMA PUBLIC
DISCONNECT
/*C7*/SET SCHEMA PUBLIC
DISCONNECT
/*C8*/SET SCHEMA PUBLIC
DISCONNECT
/*C9*/SET SCHEMA PUBLIC
DISCONNECT
/*C10*/SET SCHEMA PUBLIC
DISCONNECT
/*C11*/SET SCHEMA PUBLIC
DISCONNECT
/*C12*/SET SCHEMA PUBLIC
DISCONNECT
/*C3*/SET SCHEMA PUBLIC
create table account (id bigint generated by default as identity (start with 1), balance float(53) not null, name varchar(255), type varchar(255), primary key (id))
create table card (id bigint generated by default as identity (start with 1), card_number varchar(255), date timestamp(6), first_name varchar(255), last_name varchar(255), oppose boolean not null, pin integer not null, accound_id bigint, primary key (id))
create table tpe (id bigint generated by default as identity (start with 1), account_id bigint, primary key (id))
alter table card add constraint FKd9bhkiye53my45w4hjdmfx02a foreign key (accound_id) references account
alter table tpe add constraint FKek0keifnigpkrggxed7msj3hl foreign key (account_id) references account
INSERT INTO ACCOUNT VALUES(1,100.0E0,'Jo','CREDIT')
COMMIT
DISCONNECT
/*C4*/SET SCHEMA PUBLIC
DISCONNECT
/*C5*/SET SCHEMA PUBLIC
DISCONNECT
/*C6*/SET SCHEMA PUBLIC
DISCONNECT
/*C7*/SET SCHEMA PUBLIC
DISCONNECT
/*C8*/SET SCHEMA PUBLIC
DISCONNECT
/*C9*/SET SCHEMA PUBLIC
DISCONNECT
/*C10*/SET SCHEMA PUBLIC
DISCONNECT
/*C11*/SET SCHEMA PUBLIC
DISCONNECT
/*C12*/SET SCHEMA PUBLIC
DISCONNECT
/*C2*/DISCONNECT
